[PREINITIALIZATION][CLIENT][INFO] Current loaders after merging: [[preinit]]
[PREINITIALIZATION][CLIENT][INFO] Loading scripts for loader with names [preinit]
[PREINITIALIZATION][CLIENT][INFO] [preinit | SIDE_CLIENT]: Skipping file {[10000:crafttweaker]: _global\stages.zs} as we are currently loading with a different loader
[PREINITIALIZATION][CLIENT][INFO] [preinit | SIDE_CLIENT]: Skipping file {[9999:crafttweaker]: utility.zs} as we are currently loading with a different loader
[PREINITIALIZATION][CLIENT][INFO] [preinit | SIDE_CLIENT]: Skipping file {[3500:contenttweaker]: contenttweaker\functions.zs} as we are currently loading with a different loader
[PREINITIALIZATION][CLIENT][INFO] [preinit | SIDE_CLIENT]: Skipping file {[3000:contenttweaker]: contenttweaker\fluids.zs} as we are currently loading with a different loader
[PREINITIALIZATION][CLIENT][INFO] [preinit | SIDE_CLIENT]: Skipping file {[3000:contenttweaker]: contenttweaker\items.zs} as we are currently loading with a different loader
[PREINITIALIZATION][CLIENT][INFO] [preinit | SIDE_CLIENT]: Skipping file {[2999:contenttweaker]: contenttweaker\materials.zs} as we are currently loading with a different loader
[PREINITIALIZATION][CLIENT][INFO] [preinit | SIDE_CLIENT]: Skipping file {[2900:contenttweaker]: contenttweaker\parts.zs} as we are currently loading with a different loader
[PREINITIALIZATION][CLIENT][INFO] [preinit | SIDE_CLIENT]: Skipping file {[2900:contenttweaker]: contenttweaker\tconstruct.zs} as we are currently loading with a different loader
[PREINITIALIZATION][CLIENT][INFO] [preinit | SIDE_CLIENT]: Skipping file {[1998:crafttweaker]: _global\materials.zs} as we are currently loading with a different loader
[PREINITIALIZATION][CLIENT][INFO] [preinit | SIDE_CLIENT]: Skipping file {[1998:crafttweaker]: _global\woodtypes.zs} as we are currently loading with a different loader
[PREINITIALIZATION][CLIENT][INFO] [preinit | SIDE_CLIENT]: Skipping file {[1997:crafttweaker]: _global\base.zs} as we are currently loading with a different loader
[PREINITIALIZATION][CLIENT][INFO] [preinit | SIDE_CLIENT]: Skipping file {[1997:crafttweaker]: _global\harvest_levels.zs} as we are currently loading with a different loader
[PREINITIALIZATION][CLIENT][INFO] [preinit | SIDE_CLIENT]: Skipping file {[1995:crafttweaker]: unification\utility.zs} as we are currently loading with a different loader
[PREINITIALIZATION][CLIENT][INFO] [preinit | SIDE_CLIENT]: Skipping file {[1500:crafttweaker]: stages\professions\tinkerer.zs} as we are currently loading with a different loader
[PREINITIALIZATION][CLIENT][INFO] [preinit | SIDE_CLIENT]: Skipping file {[1250:crafttweaker]: oredict\add.zs} as we are currently loading with a different loader
[PREINITIALIZATION][CLIENT][INFO] [preinit | SIDE_CLIENT]: Skipping file {[1250:crafttweaker]: oredict\decoration.zs} as we are currently loading with a different loader
[PREINITIALIZATION][CLIENT][INFO] [preinit | SIDE_CLIENT]: Skipping file {[1250:crafttweaker]: oredict\natura.zs} as we are currently loading with a different loader
[PREINITIALIZATION][CLIENT][INFO] [preinit | SIDE_CLIENT]: Skipping file {[1250:crafttweaker]: oredict\remove.zs} as we are currently loading with a different loader
[PREINITIALIZATION][CLIENT][INFO] [preinit | SIDE_CLIENT]: Skipping file {[1000:crafttweaker]: misc_scripts\events.zs} as we are currently loading with a different loader
[PREINITIALIZATION][CLIENT][INFO] [preinit | SIDE_CLIENT]: Skipping file {[1000:crafttweaker]: misc_scripts\worldgen_indicators.zs} as we are currently loading with a different loader
[PREINITIALIZATION][CLIENT][INFO] [preinit | SIDE_CLIENT]: Skipping file {[1000:crafttweaker]: removals\remove.zs} as we are currently loading with a different loader
[PREINITIALIZATION][CLIENT][INFO] [preinit | SIDE_CLIENT]: Skipping file {[1000:crafttweaker]: removals\temporary_remove.zs} as we are currently loading with a different loader
[PREINITIALIZATION][CLIENT][INFO] [preinit | SIDE_CLIENT]: Skipping file {[100:crafttweaker]: misc_scripts\loottweaker.zs} as we are currently loading with a different loader
[PREINITIALIZATION][CLIENT][INFO] [preinit | SIDE_CLIENT]: Skipping file {[100:crafttweaker]: misc_scripts\smelting.zs} as we are currently loading with a different loader
[PREINITIALIZATION][CLIENT][INFO] [preinit | SIDE_CLIENT]: Skipping file {[100:crafttweaker]: mods\inspirations.zs} as we are currently loading with a different loader
[PREINITIALIZATION][CLIENT][INFO] [preinit | SIDE_CLIENT]: Skipping file {[100:crafttweaker]: mods\primal_tech.zs} as we are currently loading with a different loader
[PREINITIALIZATION][CLIENT][INFO] [preinit | SIDE_CLIENT]: Skipping file {[100:crafttweaker]: mods\tinkers_construct.zs} as we are currently loading with a different loader
[PREINITIALIZATION][CLIENT][INFO] [preinit | SIDE_CLIENT]: Skipping file {[100:crafttweaker]: stages\mob_stages.zs} as we are currently loading with a different loader
[PREINITIALIZATION][CLIENT][INFO] [preinit | SIDE_CLIENT]: Skipping file {[100:crafttweaker]: stages\ore_stages.zs} as we are currently loading with a different loader
[PREINITIALIZATION][CLIENT][INFO] [preinit | SIDE_CLIENT]: Skipping file {[100:crafttweaker]: stages\professions\architect.zs} as we are currently loading with a different loader
[PREINITIALIZATION][CLIENT][INFO] [preinit | SIDE_CLIENT]: Skipping file {[100:crafttweaker]: stages\professions\carpenter.zs} as we are currently loading with a different loader
[PREINITIALIZATION][CLIENT][INFO] [preinit | SIDE_CLIENT]: Skipping file {[100:crafttweaker]: stages\professions\crafter.zs} as we are currently loading with a different loader
[PREINITIALIZATION][CLIENT][INFO] [preinit | SIDE_CLIENT]: Skipping file {[100:crafttweaker]: stages\professions\miner.zs} as we are currently loading with a different loader
[PREINITIALIZATION][CLIENT][INFO] [preinit | SIDE_CLIENT]: Skipping file {[100:crafttweaker]: stages\research\adaptive_armor.zs} as we are currently loading with a different loader
[PREINITIALIZATION][CLIENT][INFO] [preinit | SIDE_CLIENT]: Skipping file {[100:crafttweaker]: stages\research\advanced_chisel.zs} as we are currently loading with a different loader
[PREINITIALIZATION][CLIENT][INFO] [preinit | SIDE_CLIENT]: Skipping file {[100:crafttweaker]: stages\research\advanced_sifting.zs} as we are currently loading with a different loader
[PREINITIALIZATION][CLIENT][INFO] [preinit | SIDE_CLIENT]: Skipping file {[100:crafttweaker]: stages\research\agriculture.zs} as we are currently loading with a different loader
[PREINITIALIZATION][CLIENT][INFO] [preinit | SIDE_CLIENT]: Skipping file {[100:crafttweaker]: stages\research\biome_compass.zs} as we are currently loading with a different loader
[PREINITIALIZATION][CLIENT][INFO] [preinit | SIDE_CLIENT]: Skipping file {[100:crafttweaker]: stages\research\botanical_masonry.zs} as we are currently loading with a different loader
[PREINITIALIZATION][CLIENT][INFO] [preinit | SIDE_CLIENT]: Skipping file {[100:crafttweaker]: stages\research\brewing.zs} as we are currently loading with a different loader
[PREINITIALIZATION][CLIENT][INFO] [preinit | SIDE_CLIENT]: Skipping file {[100:crafttweaker]: stages\research\chisel.zs} as we are currently loading with a different loader
[PREINITIALIZATION][CLIENT][INFO] [preinit | SIDE_CLIENT]: Skipping file {[100:crafttweaker]: stages\research\defender.zs} as we are currently loading with a different loader
[PREINITIALIZATION][CLIENT][INFO] [preinit | SIDE_CLIENT]: Skipping file {[100:crafttweaker]: stages\research\enchanting.zs} as we are currently loading with a different loader
[PREINITIALIZATION][CLIENT][INFO] [preinit | SIDE_CLIENT]: Skipping file {[100:crafttweaker]: stages\research\explosives.zs} as we are currently loading with a different loader
[PREINITIALIZATION][CLIENT][INFO] [preinit | SIDE_CLIENT]: Skipping file {[100:crafttweaker]: stages\research\fire.zs} as we are currently loading with a different loader
[PREINITIALIZATION][CLIENT][INFO] [preinit | SIDE_CLIENT]: Skipping file {[100:crafttweaker]: stages\research\glassblowing.zs} as we are currently loading with a different loader
[PREINITIALIZATION][CLIENT][INFO] [preinit | SIDE_CLIENT]: Skipping file {[100:crafttweaker]: stages\research\leadership.zs} as we are currently loading with a different loader
[PREINITIALIZATION][CLIENT][INFO] [preinit | SIDE_CLIENT]: Skipping file {[100:crafttweaker]: stages\research\locomotion.zs} as we are currently loading with a different loader
[PREINITIALIZATION][CLIENT][INFO] [preinit | SIDE_CLIENT]: Skipping file {[100:crafttweaker]: stages\research\maestro.zs} as we are currently loading with a different loader
[PREINITIALIZATION][CLIENT][INFO] [preinit | SIDE_CLIENT]: Skipping file {[100:crafttweaker]: stages\research\masonry.zs} as we are currently loading with a different loader
[PREINITIALIZATION][CLIENT][INFO] [preinit | SIDE_CLIENT]: Skipping file {[100:crafttweaker]: stages\research\ninja.zs} as we are currently loading with a different loader
[PREINITIALIZATION][CLIENT][INFO] [preinit | SIDE_CLIENT]: Skipping file {[100:crafttweaker]: stages\research\sifting.zs} as we are currently loading with a different loader
[PREINITIALIZATION][CLIENT][INFO] [preinit | SIDE_CLIENT]: Skipping file {[100:crafttweaker]: stages\research\tool_parts.zs} as we are currently loading with a different loader
[PREINITIALIZATION][CLIENT][INFO] [preinit | SIDE_CLIENT]: Skipping file {[100:crafttweaker]: stages\research\writing.zs} as we are currently loading with a different loader
[PREINITIALIZATION][CLIENT][INFO] [preinit | SIDE_CLIENT]: Skipping file {[100:crafttweaker]: stages\time_periods\bronze_age\items.zs} as we are currently loading with a different loader
[PREINITIALIZATION][CLIENT][INFO] [preinit | SIDE_CLIENT]: Skipping file {[100:crafttweaker]: stages\time_periods\bronze_age\mods.zs} as we are currently loading with a different loader
[PREINITIALIZATION][CLIENT][INFO] [preinit | SIDE_CLIENT]: Skipping file {[100:crafttweaker]: stages\time_periods\bronze_age\shaped.zs} as we are currently loading with a different loader
[PREINITIALIZATION][CLIENT][INFO] [preinit | SIDE_CLIENT]: Skipping file {[100:crafttweaker]: stages\time_periods\bronze_age\shaped_mirrored.zs} as we are currently loading with a different loader
[PREINITIALIZATION][CLIENT][INFO] [preinit | SIDE_CLIENT]: Skipping file {[100:crafttweaker]: stages\time_periods\bronze_age\shapeless.zs} as we are currently loading with a different loader
[PREINITIALIZATION][CLIENT][INFO] [preinit | SIDE_CLIENT]: Skipping file {[100:crafttweaker]: stages\time_periods\bronze_age\tconstruct.zs} as we are currently loading with a different loader
[PREINITIALIZATION][CLIENT][INFO] [preinit | SIDE_CLIENT]: Skipping file {[100:crafttweaker]: stages\time_periods\copper_age\items.zs} as we are currently loading with a different loader
[PREINITIALIZATION][CLIENT][INFO] [preinit | SIDE_CLIENT]: Skipping file {[100:crafttweaker]: stages\time_periods\copper_age\mods.zs} as we are currently loading with a different loader
[PREINITIALIZATION][CLIENT][INFO] [preinit | SIDE_CLIENT]: Skipping file {[100:crafttweaker]: stages\time_periods\copper_age\shaped.zs} as we are currently loading with a different loader
[PREINITIALIZATION][CLIENT][INFO] [preinit | SIDE_CLIENT]: Skipping file {[100:crafttweaker]: stages\time_periods\copper_age\shaped_mirrored.zs} as we are currently loading with a different loader
[PREINITIALIZATION][CLIENT][INFO] [preinit | SIDE_CLIENT]: Skipping file {[100:crafttweaker]: stages\time_periods\copper_age\shapeless.zs} as we are currently loading with a different loader
[PREINITIALIZATION][CLIENT][INFO] [preinit | SIDE_CLIENT]: Skipping file {[100:crafttweaker]: stages\time_periods\copper_age\tconstruct.zs} as we are currently loading with a different loader
[PREINITIALIZATION][CLIENT][INFO] [preinit | SIDE_CLIENT]: Skipping file {[100:crafttweaker]: stages\time_periods\dawn_of_time\conttenttweaker.zs} as we are currently loading with a different loader
[PREINITIALIZATION][CLIENT][INFO] [preinit | SIDE_CLIENT]: Skipping file {[100:crafttweaker]: stages\time_periods\dawn_of_time\tconstruct.zs} as we are currently loading with a different loader
[PREINITIALIZATION][CLIENT][INFO] [preinit | SIDE_CLIENT]: Skipping file {[100:crafttweaker]: stages\time_periods\industrial_age\items.zs} as we are currently loading with a different loader
[PREINITIALIZATION][CLIENT][INFO] [preinit | SIDE_CLIENT]: Skipping file {[100:crafttweaker]: stages\time_periods\industrial_age\mods.zs} as we are currently loading with a different loader
[PREINITIALIZATION][CLIENT][INFO] [preinit | SIDE_CLIENT]: Skipping file {[100:crafttweaker]: stages\time_periods\industrial_age\shaped.zs} as we are currently loading with a different loader
[PREINITIALIZATION][CLIENT][INFO] [preinit | SIDE_CLIENT]: Skipping file {[100:crafttweaker]: stages\time_periods\industrial_age\shaped_mirrored.zs} as we are currently loading with a different loader
[PREINITIALIZATION][CLIENT][INFO] [preinit | SIDE_CLIENT]: Skipping file {[100:crafttweaker]: stages\time_periods\industrial_age\shapeless.zs} as we are currently loading with a different loader
[PREINITIALIZATION][CLIENT][INFO] [preinit | SIDE_CLIENT]: Skipping file {[100:crafttweaker]: stages\time_periods\industrial_age\tconstruct.zs} as we are currently loading with a different loader
[PREINITIALIZATION][CLIENT][INFO] [preinit | SIDE_CLIENT]: Skipping file {[100:crafttweaker]: stages\time_periods\iron_age\items.zs} as we are currently loading with a different loader
[PREINITIALIZATION][CLIENT][INFO] [preinit | SIDE_CLIENT]: Skipping file {[100:crafttweaker]: stages\time_periods\iron_age\mods.zs} as we are currently loading with a different loader
[PREINITIALIZATION][CLIENT][INFO] [preinit | SIDE_CLIENT]: Skipping file {[100:crafttweaker]: stages\time_periods\iron_age\shaped.zs} as we are currently loading with a different loader
[PREINITIALIZATION][CLIENT][INFO] [preinit | SIDE_CLIENT]: Skipping file {[100:crafttweaker]: stages\time_periods\iron_age\shaped_mirrored.zs} as we are currently loading with a different loader
[PREINITIALIZATION][CLIENT][INFO] [preinit | SIDE_CLIENT]: Skipping file {[100:crafttweaker]: stages\time_periods\iron_age\shapeless.zs} as we are currently loading with a different loader
[PREINITIALIZATION][CLIENT][INFO] [preinit | SIDE_CLIENT]: Skipping file {[100:crafttweaker]: stages\time_periods\iron_age\tconstruct.zs} as we are currently loading with a different loader
[PREINITIALIZATION][CLIENT][INFO] [preinit | SIDE_CLIENT]: Skipping file {[100:crafttweaker]: stages\time_periods\middle_ages\items.zs} as we are currently loading with a different loader
[PREINITIALIZATION][CLIENT][INFO] [preinit | SIDE_CLIENT]: Skipping file {[100:crafttweaker]: stages\time_periods\middle_ages\mods.zs} as we are currently loading with a different loader
[PREINITIALIZATION][CLIENT][INFO] [preinit | SIDE_CLIENT]: Skipping file {[100:crafttweaker]: stages\time_periods\middle_ages\shaped.zs} as we are currently loading with a different loader
[PREINITIALIZATION][CLIENT][INFO] [preinit | SIDE_CLIENT]: Skipping file {[100:crafttweaker]: stages\time_periods\middle_ages\shaped_mirrored.zs} as we are currently loading with a different loader
[PREINITIALIZATION][CLIENT][INFO] [preinit | SIDE_CLIENT]: Skipping file {[100:crafttweaker]: stages\time_periods\middle_ages\shapeless.zs} as we are currently loading with a different loader
[PREINITIALIZATION][CLIENT][INFO] [preinit | SIDE_CLIENT]: Skipping file {[100:crafttweaker]: stages\time_periods\middle_ages\tconstruct.zs} as we are currently loading with a different loader
[PREINITIALIZATION][CLIENT][INFO] [preinit | SIDE_CLIENT]: Skipping file {[100:crafttweaker]: stages\time_periods\stone_age\aw_basic.zs} as we are currently loading with a different loader
[PREINITIALIZATION][CLIENT][INFO] [preinit | SIDE_CLIENT]: Skipping file {[100:crafttweaker]: stages\time_periods\stone_age\aw_carpenter.zs} as we are currently loading with a different loader
[PREINITIALIZATION][CLIENT][INFO] [preinit | SIDE_CLIENT]: Skipping file {[100:crafttweaker]: stages\time_periods\stone_age\aw_mason.zs} as we are currently loading with a different loader
[PREINITIALIZATION][CLIENT][INFO] [preinit | SIDE_CLIENT]: Skipping file {[100:crafttweaker]: stages\time_periods\stone_age\items.zs} as we are currently loading with a different loader
[PREINITIALIZATION][CLIENT][INFO] [preinit | SIDE_CLIENT]: Skipping file {[100:crafttweaker]: stages\time_periods\stone_age\mods.zs} as we are currently loading with a different loader
[PREINITIALIZATION][CLIENT][INFO] [preinit | SIDE_CLIENT]: Skipping file {[100:crafttweaker]: stages\time_periods\stone_age\shaped.zs} as we are currently loading with a different loader
[PREINITIALIZATION][CLIENT][INFO] [preinit | SIDE_CLIENT]: Skipping file {[100:crafttweaker]: stages\time_periods\stone_age\shaped_mirrored.zs} as we are currently loading with a different loader
[PREINITIALIZATION][CLIENT][INFO] [preinit | SIDE_CLIENT]: Skipping file {[100:crafttweaker]: stages\time_periods\stone_age\shapeless.zs} as we are currently loading with a different loader
[PREINITIALIZATION][CLIENT][INFO] [preinit | SIDE_CLIENT]: Skipping file {[100:crafttweaker]: stages\time_periods\stone_age\tconstruct.zs} as we are currently loading with a different loader
[PREINITIALIZATION][CLIENT][INFO] [preinit | SIDE_CLIENT]: Skipping file {[100:crafttweaker]: unification\base.zs} as we are currently loading with a different loader
[PREINITIALIZATION][CLIENT][INFO] [preinit | SIDE_CLIENT]: Skipping file {[10:crafttweaker]: misc_scripts\treetweaker.zs} as we are currently loading with a different loader
[PREINITIALIZATION][CLIENT][INFO] [preinit | SIDE_CLIENT]: Skipping file {[1:crafttweaker]: removals\remove_special.zs} as we are currently loading with a different loader
[PREINITIALIZATION][CLIENT][INFO] [preinit | SIDE_CLIENT]: Skipping file {[1:crafttweaker]: stages\disabled.zs} as we are currently loading with a different loader
[PREINITIALIZATION][CLIENT][INFO] [preinit | SIDE_CLIENT]: Skipping file {[0:contenttweaker]: contenttweaker\blocks.zs} as we are currently loading with a different loader
[PREINITIALIZATION][CLIENT][INFO] [preinit | SIDE_CLIENT]: Skipping file {[0:crafttweaker]: debug.zs} as we are currently loading with a different loader
[PREINITIALIZATION][CLIENT][INFO] [preinit | SIDE_CLIENT]: Skipping file {[0:crafttweaker]: item_modifiers\jei_description.zs} as we are currently loading with a different loader
[PREINITIALIZATION][CLIENT][INFO] [preinit | SIDE_CLIENT]: Skipping file {[0:crafttweaker]: item_modifiers\name.zs} as we are currently loading with a different loader
[PREINITIALIZATION][CLIENT][INFO] [preinit | SIDE_CLIENT]: Skipping file {[0:crafttweaker]: item_modifiers\tooltip.zs} as we are currently loading with a different loader
[PREINITIALIZATION][CLIENT][INFO] [preinit | SIDE_CLIENT]: Skipping file {[0:crafttweaker]: misc_scripts\hitwithaxe.zs} as we are currently loading with a different loader
[PREINITIALIZATION][CLIENT][INFO] [preinit | SIDE_CLIENT]: Skipping file {[0:crafttweaker]: misc_scripts\seed_drops.zs} as we are currently loading with a different loader
[PREINITIALIZATION][CLIENT][INFO] [preinit | SIDE_CLIENT]: Skipping file {[0:crafttweaker]: recipes.zs} as we are currently loading with a different loader
[PREINITIALIZATION][CLIENT][INFO] [preinit | SIDE_CLIENT]: Skipping file {[0:crafttweaker]: removals\remove_and_hide.zs} as we are currently loading with a different loader
[PREINITIALIZATION][CLIENT][INFO] [preinit | SIDE_CLIENT]: Skipping file {[0:crafttweaker]: stages\containers.zs} as we are currently loading with a different loader
[PREINITIALIZATION][CLIENT][INFO] [preinit | SIDE_CLIENT]: Skipping file {[0:gamestagebooks]: stages\gamestage_books.zs} as we are currently loading with a different loader
[PREINITIALIZATION][CLIENT][INFO] [preinit | SIDE_CLIENT]: Skipping file {[0:crafttweaker]: stages\research\cartography.zs} as we are currently loading with a different loader
[PREINITIALIZATION][CLIENT][INFO] [preinit | SIDE_CLIENT]: Skipping file {[0:crafttweaker]: stages\research\excavation.zs} as we are currently loading with a different loader
[PREINITIALIZATION][CLIENT][INFO] Completed script loading in: 6ms
[PREINITIALIZATION][CLIENT][INFO] Current loaders after merging: [[preinit], [contenttweaker]]
[PREINITIALIZATION][CLIENT][INFO] Loading scripts for loader with names [contenttweaker]
[PREINITIALIZATION][CLIENT][INFO] [contenttweaker | SIDE_CLIENT]: Skipping file {[10000:crafttweaker]: _global\stages.zs} as we are currently loading with a different loader
[PREINITIALIZATION][CLIENT][INFO] [contenttweaker | SIDE_CLIENT]: Skipping file {[9999:crafttweaker]: utility.zs} as we are currently loading with a different loader
[PREINITIALIZATION][CLIENT][INFO] [contenttweaker | SIDE_CLIENT]: Loading Script: {[3500:contenttweaker]: contenttweaker\functions.zs}
[PREINITIALIZATION][CLIENT][INFO] [contenttweaker | SIDE_CLIENT]: Loading Script: {[3000:contenttweaker]: contenttweaker\fluids.zs}
[PREINITIALIZATION][CLIENT][INFO] [contenttweaker | SIDE_CLIENT]: Loading Script: {[3000:contenttweaker]: contenttweaker\items.zs}
[PREINITIALIZATION][CLIENT][INFO] [contenttweaker | SIDE_CLIENT]: Loading Script: {[2999:contenttweaker]: contenttweaker\materials.zs}
[PREINITIALIZATION][CLIENT][INFO] [contenttweaker | SIDE_CLIENT]: Loading Script: {[2900:contenttweaker]: contenttweaker\parts.zs}
[PREINITIALIZATION][CLIENT][INFO] [contenttweaker | SIDE_CLIENT]: Loading Script: {[2900:contenttweaker]: contenttweaker\tconstruct.zs}
[PREINITIALIZATION][CLIENT][INFO] Item <item:contenttweaker:plant_fiber:0> has not been found, trying to use a ghost representative. This message will only be printed once, all subsequent missing items will be handled the same way.
[PREINITIALIZATION][CLIENT][INFO] [contenttweaker | SIDE_CLIENT]: Skipping file {[1998:crafttweaker]: _global\materials.zs} as we are currently loading with a different loader
[PREINITIALIZATION][CLIENT][INFO] [contenttweaker | SIDE_CLIENT]: Skipping file {[1998:crafttweaker]: _global\woodtypes.zs} as we are currently loading with a different loader
[PREINITIALIZATION][CLIENT][INFO] [contenttweaker | SIDE_CLIENT]: Skipping file {[1997:crafttweaker]: _global\base.zs} as we are currently loading with a different loader
[PREINITIALIZATION][CLIENT][INFO] [contenttweaker | SIDE_CLIENT]: Skipping file {[1997:crafttweaker]: _global\harvest_levels.zs} as we are currently loading with a different loader
[PREINITIALIZATION][CLIENT][INFO] [contenttweaker | SIDE_CLIENT]: Skipping file {[1995:crafttweaker]: unification\utility.zs} as we are currently loading with a different loader
[PREINITIALIZATION][CLIENT][INFO] [contenttweaker | SIDE_CLIENT]: Skipping file {[1500:crafttweaker]: stages\professions\tinkerer.zs} as we are currently loading with a different loader
[PREINITIALIZATION][CLIENT][INFO] [contenttweaker | SIDE_CLIENT]: Skipping file {[1250:crafttweaker]: oredict\add.zs} as we are currently loading with a different loader
[PREINITIALIZATION][CLIENT][INFO] [contenttweaker | SIDE_CLIENT]: Skipping file {[1250:crafttweaker]: oredict\decoration.zs} as we are currently loading with a different loader
[PREINITIALIZATION][CLIENT][INFO] [contenttweaker | SIDE_CLIENT]: Skipping file {[1250:crafttweaker]: oredict\natura.zs} as we are currently loading with a different loader
[PREINITIALIZATION][CLIENT][INFO] [contenttweaker | SIDE_CLIENT]: Skipping file {[1250:crafttweaker]: oredict\remove.zs} as we are currently loading with a different loader
[PREINITIALIZATION][CLIENT][INFO] [contenttweaker | SIDE_CLIENT]: Skipping file {[1000:crafttweaker]: misc_scripts\events.zs} as we are currently loading with a different loader
[PREINITIALIZATION][CLIENT][INFO] [contenttweaker | SIDE_CLIENT]: Skipping file {[1000:crafttweaker]: misc_scripts\worldgen_indicators.zs} as we are currently loading with a different loader
[PREINITIALIZATION][CLIENT][INFO] [contenttweaker | SIDE_CLIENT]: Skipping file {[1000:crafttweaker]: removals\remove.zs} as we are currently loading with a different loader
[PREINITIALIZATION][CLIENT][INFO] [contenttweaker | SIDE_CLIENT]: Skipping file {[1000:crafttweaker]: removals\temporary_remove.zs} as we are currently loading with a different loader
[PREINITIALIZATION][CLIENT][INFO] [contenttweaker | SIDE_CLIENT]: Skipping file {[100:crafttweaker]: misc_scripts\loottweaker.zs} as we are currently loading with a different loader
[PREINITIALIZATION][CLIENT][INFO] [contenttweaker | SIDE_CLIENT]: Skipping file {[100:crafttweaker]: misc_scripts\smelting.zs} as we are currently loading with a different loader
[PREINITIALIZATION][CLIENT][INFO] [contenttweaker | SIDE_CLIENT]: Skipping file {[100:crafttweaker]: mods\inspirations.zs} as we are currently loading with a different loader
[PREINITIALIZATION][CLIENT][INFO] [contenttweaker | SIDE_CLIENT]: Skipping file {[100:crafttweaker]: mods\primal_tech.zs} as we are currently loading with a different loader
[PREINITIALIZATION][CLIENT][INFO] [contenttweaker | SIDE_CLIENT]: Skipping file {[100:crafttweaker]: mods\tinkers_construct.zs} as we are currently loading with a different loader
[PREINITIALIZATION][CLIENT][INFO] [contenttweaker | SIDE_CLIENT]: Skipping file {[100:crafttweaker]: stages\mob_stages.zs} as we are currently loading with a different loader
[PREINITIALIZATION][CLIENT][INFO] [contenttweaker | SIDE_CLIENT]: Skipping file {[100:crafttweaker]: stages\ore_stages.zs} as we are currently loading with a different loader
[PREINITIALIZATION][CLIENT][INFO] [contenttweaker | SIDE_CLIENT]: Skipping file {[100:crafttweaker]: stages\professions\architect.zs} as we are currently loading with a different loader
[PREINITIALIZATION][CLIENT][INFO] [contenttweaker | SIDE_CLIENT]: Skipping file {[100:crafttweaker]: stages\professions\carpenter.zs} as we are currently loading with a different loader
[PREINITIALIZATION][CLIENT][INFO] [contenttweaker | SIDE_CLIENT]: Skipping file {[100:crafttweaker]: stages\professions\crafter.zs} as we are currently loading with a different loader
[PREINITIALIZATION][CLIENT][INFO] [contenttweaker | SIDE_CLIENT]: Skipping file {[100:crafttweaker]: stages\professions\miner.zs} as we are currently loading with a different loader
[PREINITIALIZATION][CLIENT][INFO] [contenttweaker | SIDE_CLIENT]: Skipping file {[100:crafttweaker]: stages\research\adaptive_armor.zs} as we are currently loading with a different loader
[PREINITIALIZATION][CLIENT][INFO] [contenttweaker | SIDE_CLIENT]: Skipping file {[100:crafttweaker]: stages\research\advanced_chisel.zs} as we are currently loading with a different loader
[PREINITIALIZATION][CLIENT][INFO] [contenttweaker | SIDE_CLIENT]: Skipping file {[100:crafttweaker]: stages\research\advanced_sifting.zs} as we are currently loading with a different loader
[PREINITIALIZATION][CLIENT][INFO] [contenttweaker | SIDE_CLIENT]: Skipping file {[100:crafttweaker]: stages\research\agriculture.zs} as we are currently loading with a different loader
[PREINITIALIZATION][CLIENT][INFO] [contenttweaker | SIDE_CLIENT]: Skipping file {[100:crafttweaker]: stages\research\biome_compass.zs} as we are currently loading with a different loader
[PREINITIALIZATION][CLIENT][INFO] [contenttweaker | SIDE_CLIENT]: Skipping file {[100:crafttweaker]: stages\research\botanical_masonry.zs} as we are currently loading with a different loader
[PREINITIALIZATION][CLIENT][INFO] [contenttweaker | SIDE_CLIENT]: Skipping file {[100:crafttweaker]: stages\research\brewing.zs} as we are currently loading with a different loader
[PREINITIALIZATION][CLIENT][INFO] [contenttweaker | SIDE_CLIENT]: Skipping file {[100:crafttweaker]: stages\research\chisel.zs} as we are currently loading with a different loader
[PREINITIALIZATION][CLIENT][INFO] [contenttweaker | SIDE_CLIENT]: Skipping file {[100:crafttweaker]: stages\research\defender.zs} as we are currently loading with a different loader
[PREINITIALIZATION][CLIENT][INFO] [contenttweaker | SIDE_CLIENT]: Skipping file {[100:crafttweaker]: stages\research\enchanting.zs} as we are currently loading with a different loader
[PREINITIALIZATION][CLIENT][INFO] [contenttweaker | SIDE_CLIENT]: Skipping file {[100:crafttweaker]: stages\research\explosives.zs} as we are currently loading with a different loader
[PREINITIALIZATION][CLIENT][INFO] [contenttweaker | SIDE_CLIENT]: Skipping file {[100:crafttweaker]: stages\research\fire.zs} as we are currently loading with a different loader
[PREINITIALIZATION][CLIENT][INFO] [contenttweaker | SIDE_CLIENT]: Skipping file {[100:crafttweaker]: stages\research\glassblowing.zs} as we are currently loading with a different loader
[PREINITIALIZATION][CLIENT][INFO] [contenttweaker | SIDE_CLIENT]: Skipping file {[100:crafttweaker]: stages\research\leadership.zs} as we are currently loading with a different loader
[PREINITIALIZATION][CLIENT][INFO] [contenttweaker | SIDE_CLIENT]: Skipping file {[100:crafttweaker]: stages\research\locomotion.zs} as we are currently loading with a different loader
[PREINITIALIZATION][CLIENT][INFO] [contenttweaker | SIDE_CLIENT]: Skipping file {[100:crafttweaker]: stages\research\maestro.zs} as we are currently loading with a different loader
[PREINITIALIZATION][CLIENT][INFO] [contenttweaker | SIDE_CLIENT]: Skipping file {[100:crafttweaker]: stages\research\masonry.zs} as we are currently loading with a different loader
[PREINITIALIZATION][CLIENT][INFO] [contenttweaker | SIDE_CLIENT]: Skipping file {[100:crafttweaker]: stages\research\ninja.zs} as we are currently loading with a different loader
[PREINITIALIZATION][CLIENT][INFO] [contenttweaker | SIDE_CLIENT]: Skipping file {[100:crafttweaker]: stages\research\sifting.zs} as we are currently loading with a different loader
[PREINITIALIZATION][CLIENT][INFO] [contenttweaker | SIDE_CLIENT]: Skipping file {[100:crafttweaker]: stages\research\tool_parts.zs} as we are currently loading with a different loader
[PREINITIALIZATION][CLIENT][INFO] [contenttweaker | SIDE_CLIENT]: Skipping file {[100:crafttweaker]: stages\research\writing.zs} as we are currently loading with a different loader
[PREINITIALIZATION][CLIENT][INFO] [contenttweaker | SIDE_CLIENT]: Skipping file {[100:crafttweaker]: stages\time_periods\bronze_age\items.zs} as we are currently loading with a different loader
[PREINITIALIZATION][CLIENT][INFO] [contenttweaker | SIDE_CLIENT]: Skipping file {[100:crafttweaker]: stages\time_periods\bronze_age\mods.zs} as we are currently loading with a different loader
[PREINITIALIZATION][CLIENT][INFO] [contenttweaker | SIDE_CLIENT]: Skipping file {[100:crafttweaker]: stages\time_periods\bronze_age\shaped.zs} as we are currently loading with a different loader
[PREINITIALIZATION][CLIENT][INFO] [contenttweaker | SIDE_CLIENT]: Skipping file {[100:crafttweaker]: stages\time_periods\bronze_age\shaped_mirrored.zs} as we are currently loading with a different loader
[PREINITIALIZATION][CLIENT][INFO] [contenttweaker | SIDE_CLIENT]: Skipping file {[100:crafttweaker]: stages\time_periods\bronze_age\shapeless.zs} as we are currently loading with a different loader
[PREINITIALIZATION][CLIENT][INFO] [contenttweaker | SIDE_CLIENT]: Skipping file {[100:crafttweaker]: stages\time_periods\bronze_age\tconstruct.zs} as we are currently loading with a different loader
[PREINITIALIZATION][CLIENT][INFO] [contenttweaker | SIDE_CLIENT]: Skipping file {[100:crafttweaker]: stages\time_periods\copper_age\items.zs} as we are currently loading with a different loader
[PREINITIALIZATION][CLIENT][INFO] [contenttweaker | SIDE_CLIENT]: Skipping file {[100:crafttweaker]: stages\time_periods\copper_age\mods.zs} as we are currently loading with a different loader
[PREINITIALIZATION][CLIENT][INFO] [contenttweaker | SIDE_CLIENT]: Skipping file {[100:crafttweaker]: stages\time_periods\copper_age\shaped.zs} as we are currently loading with a different loader
[PREINITIALIZATION][CLIENT][INFO] [contenttweaker | SIDE_CLIENT]: Skipping file {[100:crafttweaker]: stages\time_periods\copper_age\shaped_mirrored.zs} as we are currently loading with a different loader
[PREINITIALIZATION][CLIENT][INFO] [contenttweaker | SIDE_CLIENT]: Skipping file {[100:crafttweaker]: stages\time_periods\copper_age\shapeless.zs} as we are currently loading with a different loader
[PREINITIALIZATION][CLIENT][INFO] [contenttweaker | SIDE_CLIENT]: Skipping file {[100:crafttweaker]: stages\time_periods\copper_age\tconstruct.zs} as we are currently loading with a different loader
[PREINITIALIZATION][CLIENT][INFO] [contenttweaker | SIDE_CLIENT]: Skipping file {[100:crafttweaker]: stages\time_periods\dawn_of_time\conttenttweaker.zs} as we are currently loading with a different loader
[PREINITIALIZATION][CLIENT][INFO] [contenttweaker | SIDE_CLIENT]: Skipping file {[100:crafttweaker]: stages\time_periods\dawn_of_time\tconstruct.zs} as we are currently loading with a different loader
[PREINITIALIZATION][CLIENT][INFO] [contenttweaker | SIDE_CLIENT]: Skipping file {[100:crafttweaker]: stages\time_periods\industrial_age\items.zs} as we are currently loading with a different loader
[PREINITIALIZATION][CLIENT][INFO] [contenttweaker | SIDE_CLIENT]: Skipping file {[100:crafttweaker]: stages\time_periods\industrial_age\mods.zs} as we are currently loading with a different loader
[PREINITIALIZATION][CLIENT][INFO] [contenttweaker | SIDE_CLIENT]: Skipping file {[100:crafttweaker]: stages\time_periods\industrial_age\shaped.zs} as we are currently loading with a different loader
[PREINITIALIZATION][CLIENT][INFO] [contenttweaker | SIDE_CLIENT]: Skipping file {[100:crafttweaker]: stages\time_periods\industrial_age\shaped_mirrored.zs} as we are currently loading with a different loader
[PREINITIALIZATION][CLIENT][INFO] [contenttweaker | SIDE_CLIENT]: Skipping file {[100:crafttweaker]: stages\time_periods\industrial_age\shapeless.zs} as we are currently loading with a different loader
[PREINITIALIZATION][CLIENT][INFO] [contenttweaker | SIDE_CLIENT]: Skipping file {[100:crafttweaker]: stages\time_periods\industrial_age\tconstruct.zs} as we are currently loading with a different loader
[PREINITIALIZATION][CLIENT][INFO] [contenttweaker | SIDE_CLIENT]: Skipping file {[100:crafttweaker]: stages\time_periods\iron_age\items.zs} as we are currently loading with a different loader
[PREINITIALIZATION][CLIENT][INFO] [contenttweaker | SIDE_CLIENT]: Skipping file {[100:crafttweaker]: stages\time_periods\iron_age\mods.zs} as we are currently loading with a different loader
[PREINITIALIZATION][CLIENT][INFO] [contenttweaker | SIDE_CLIENT]: Skipping file {[100:crafttweaker]: stages\time_periods\iron_age\shaped.zs} as we are currently loading with a different loader
[PREINITIALIZATION][CLIENT][INFO] [contenttweaker | SIDE_CLIENT]: Skipping file {[100:crafttweaker]: stages\time_periods\iron_age\shaped_mirrored.zs} as we are currently loading with a different loader
[PREINITIALIZATION][CLIENT][INFO] [contenttweaker | SIDE_CLIENT]: Skipping file {[100:crafttweaker]: stages\time_periods\iron_age\shapeless.zs} as we are currently loading with a different loader
[PREINITIALIZATION][CLIENT][INFO] [contenttweaker | SIDE_CLIENT]: Skipping file {[100:crafttweaker]: stages\time_periods\iron_age\tconstruct.zs} as we are currently loading with a different loader
[PREINITIALIZATION][CLIENT][INFO] [contenttweaker | SIDE_CLIENT]: Skipping file {[100:crafttweaker]: stages\time_periods\middle_ages\items.zs} as we are currently loading with a different loader
[PREINITIALIZATION][CLIENT][INFO] [contenttweaker | SIDE_CLIENT]: Skipping file {[100:crafttweaker]: stages\time_periods\middle_ages\mods.zs} as we are currently loading with a different loader
[PREINITIALIZATION][CLIENT][INFO] [contenttweaker | SIDE_CLIENT]: Skipping file {[100:crafttweaker]: stages\time_periods\middle_ages\shaped.zs} as we are currently loading with a different loader
[PREINITIALIZATION][CLIENT][INFO] [contenttweaker | SIDE_CLIENT]: Skipping file {[100:crafttweaker]: stages\time_periods\middle_ages\shaped_mirrored.zs} as we are currently loading with a different loader
[PREINITIALIZATION][CLIENT][INFO] [contenttweaker | SIDE_CLIENT]: Skipping file {[100:crafttweaker]: stages\time_periods\middle_ages\shapeless.zs} as we are currently loading with a different loader
[PREINITIALIZATION][CLIENT][INFO] [contenttweaker | SIDE_CLIENT]: Skipping file {[100:crafttweaker]: stages\time_periods\middle_ages\tconstruct.zs} as we are currently loading with a different loader
[PREINITIALIZATION][CLIENT][INFO] [contenttweaker | SIDE_CLIENT]: Skipping file {[100:crafttweaker]: stages\time_periods\stone_age\aw_basic.zs} as we are currently loading with a different loader
[PREINITIALIZATION][CLIENT][INFO] [contenttweaker | SIDE_CLIENT]: Skipping file {[100:crafttweaker]: stages\time_periods\stone_age\aw_carpenter.zs} as we are currently loading with a different loader
[PREINITIALIZATION][CLIENT][INFO] [contenttweaker | SIDE_CLIENT]: Skipping file {[100:crafttweaker]: stages\time_periods\stone_age\aw_mason.zs} as we are currently loading with a different loader
[PREINITIALIZATION][CLIENT][INFO] [contenttweaker | SIDE_CLIENT]: Skipping file {[100:crafttweaker]: stages\time_periods\stone_age\items.zs} as we are currently loading with a different loader
[PREINITIALIZATION][CLIENT][INFO] [contenttweaker | SIDE_CLIENT]: Skipping file {[100:crafttweaker]: stages\time_periods\stone_age\mods.zs} as we are currently loading with a different loader
[PREINITIALIZATION][CLIENT][INFO] [contenttweaker | SIDE_CLIENT]: Skipping file {[100:crafttweaker]: stages\time_periods\stone_age\shaped.zs} as we are currently loading with a different loader
[PREINITIALIZATION][CLIENT][INFO] [contenttweaker | SIDE_CLIENT]: Skipping file {[100:crafttweaker]: stages\time_periods\stone_age\shaped_mirrored.zs} as we are currently loading with a different loader
[PREINITIALIZATION][CLIENT][INFO] [contenttweaker | SIDE_CLIENT]: Skipping file {[100:crafttweaker]: stages\time_periods\stone_age\shapeless.zs} as we are currently loading with a different loader
[PREINITIALIZATION][CLIENT][INFO] [contenttweaker | SIDE_CLIENT]: Skipping file {[100:crafttweaker]: stages\time_periods\stone_age\tconstruct.zs} as we are currently loading with a different loader
[PREINITIALIZATION][CLIENT][INFO] [contenttweaker | SIDE_CLIENT]: Skipping file {[100:crafttweaker]: unification\base.zs} as we are currently loading with a different loader
[PREINITIALIZATION][CLIENT][INFO] [contenttweaker | SIDE_CLIENT]: Skipping file {[10:crafttweaker]: misc_scripts\treetweaker.zs} as we are currently loading with a different loader
[PREINITIALIZATION][CLIENT][INFO] [contenttweaker | SIDE_CLIENT]: Skipping file {[1:crafttweaker]: removals\remove_special.zs} as we are currently loading with a different loader
[PREINITIALIZATION][CLIENT][INFO] [contenttweaker | SIDE_CLIENT]: Skipping file {[1:crafttweaker]: stages\disabled.zs} as we are currently loading with a different loader
[PREINITIALIZATION][CLIENT][INFO] [contenttweaker | SIDE_CLIENT]: Loading Script: {[0:contenttweaker]: contenttweaker\blocks.zs}
[PREINITIALIZATION][CLIENT][INFO] [contenttweaker | SIDE_CLIENT]: Skipping file {[0:crafttweaker]: debug.zs} as we are currently loading with a different loader
[PREINITIALIZATION][CLIENT][INFO] [contenttweaker | SIDE_CLIENT]: Skipping file {[0:crafttweaker]: item_modifiers\jei_description.zs} as we are currently loading with a different loader
[PREINITIALIZATION][CLIENT][INFO] [contenttweaker | SIDE_CLIENT]: Skipping file {[0:crafttweaker]: item_modifiers\name.zs} as we are currently loading with a different loader
[PREINITIALIZATION][CLIENT][INFO] [contenttweaker | SIDE_CLIENT]: Skipping file {[0:crafttweaker]: item_modifiers\tooltip.zs} as we are currently loading with a different loader
[PREINITIALIZATION][CLIENT][INFO] [contenttweaker | SIDE_CLIENT]: Skipping file {[0:crafttweaker]: misc_scripts\hitwithaxe.zs} as we are currently loading with a different loader
[PREINITIALIZATION][CLIENT][INFO] [contenttweaker | SIDE_CLIENT]: Skipping file {[0:crafttweaker]: misc_scripts\seed_drops.zs} as we are currently loading with a different loader
[PREINITIALIZATION][CLIENT][INFO] [contenttweaker | SIDE_CLIENT]: Skipping file {[0:crafttweaker]: recipes.zs} as we are currently loading with a different loader
[PREINITIALIZATION][CLIENT][INFO] [contenttweaker | SIDE_CLIENT]: Skipping file {[0:crafttweaker]: removals\remove_and_hide.zs} as we are currently loading with a different loader
[PREINITIALIZATION][CLIENT][INFO] [contenttweaker | SIDE_CLIENT]: Skipping file {[0:crafttweaker]: stages\containers.zs} as we are currently loading with a different loader
[PREINITIALIZATION][CLIENT][INFO] [contenttweaker | SIDE_CLIENT]: Skipping file {[0:gamestagebooks]: stages\gamestage_books.zs} as we are currently loading with a different loader
[PREINITIALIZATION][CLIENT][INFO] [contenttweaker | SIDE_CLIENT]: Skipping file {[0:crafttweaker]: stages\research\cartography.zs} as we are currently loading with a different loader
[PREINITIALIZATION][CLIENT][INFO] [contenttweaker | SIDE_CLIENT]: Skipping file {[0:crafttweaker]: stages\research\excavation.zs} as we are currently loading with a different loader
[PREINITIALIZATION][CLIENT][INFO] Completed script loading in: 737ms
[PREINITIALIZATION][CLIENT][INFO] Current loaders after merging: [[preinit], [contenttweaker], [gamestagebooks]]
[PREINITIALIZATION][CLIENT][INFO] Loading scripts for loader with names [gamestagebooks]
[PREINITIALIZATION][CLIENT][INFO] [gamestagebooks | SIDE_CLIENT]: Skipping file {[10000:crafttweaker]: _global\stages.zs} as we are currently loading with a different loader
[PREINITIALIZATION][CLIENT][INFO] [gamestagebooks | SIDE_CLIENT]: Skipping file {[9999:crafttweaker]: utility.zs} as we are currently loading with a different loader
[PREINITIALIZATION][CLIENT][INFO] [gamestagebooks | SIDE_CLIENT]: Skipping file {[3500:contenttweaker]: contenttweaker\functions.zs} as we are currently loading with a different loader
[PREINITIALIZATION][CLIENT][INFO] [gamestagebooks | SIDE_CLIENT]: Skipping file {[3000:contenttweaker]: contenttweaker\fluids.zs} as we are currently loading with a different loader
[PREINITIALIZATION][CLIENT][INFO] [gamestagebooks | SIDE_CLIENT]: Skipping file {[3000:contenttweaker]: contenttweaker\items.zs} as we are currently loading with a different loader
[PREINITIALIZATION][CLIENT][INFO] [gamestagebooks | SIDE_CLIENT]: Skipping file {[2999:contenttweaker]: contenttweaker\materials.zs} as we are currently loading with a different loader
[PREINITIALIZATION][CLIENT][INFO] [gamestagebooks | SIDE_CLIENT]: Skipping file {[2900:contenttweaker]: contenttweaker\parts.zs} as we are currently loading with a different loader
[PREINITIALIZATION][CLIENT][INFO] [gamestagebooks | SIDE_CLIENT]: Skipping file {[2900:contenttweaker]: contenttweaker\tconstruct.zs} as we are currently loading with a different loader
[PREINITIALIZATION][CLIENT][INFO] [gamestagebooks | SIDE_CLIENT]: Skipping file {[1998:crafttweaker]: _global\materials.zs} as we are currently loading with a different loader
[PREINITIALIZATION][CLIENT][INFO] [gamestagebooks | SIDE_CLIENT]: Skipping file {[1998:crafttweaker]: _global\woodtypes.zs} as we are currently loading with a different loader
[PREINITIALIZATION][CLIENT][INFO] [gamestagebooks | SIDE_CLIENT]: Skipping file {[1997:crafttweaker]: _global\base.zs} as we are currently loading with a different loader
[PREINITIALIZATION][CLIENT][INFO] [gamestagebooks | SIDE_CLIENT]: Skipping file {[1997:crafttweaker]: _global\harvest_levels.zs} as we are currently loading with a different loader
[PREINITIALIZATION][CLIENT][INFO] [gamestagebooks | SIDE_CLIENT]: Skipping file {[1995:crafttweaker]: unification\utility.zs} as we are currently loading with a different loader
[PREINITIALIZATION][CLIENT][INFO] [gamestagebooks | SIDE_CLIENT]: Skipping file {[1500:crafttweaker]: stages\professions\tinkerer.zs} as we are currently loading with a different loader
[PREINITIALIZATION][CLIENT][INFO] [gamestagebooks | SIDE_CLIENT]: Skipping file {[1250:crafttweaker]: oredict\add.zs} as we are currently loading with a different loader
[PREINITIALIZATION][CLIENT][INFO] [gamestagebooks | SIDE_CLIENT]: Skipping file {[1250:crafttweaker]: oredict\decoration.zs} as we are currently loading with a different loader
[PREINITIALIZATION][CLIENT][INFO] [gamestagebooks | SIDE_CLIENT]: Skipping file {[1250:crafttweaker]: oredict\natura.zs} as we are currently loading with a different loader
[PREINITIALIZATION][CLIENT][INFO] [gamestagebooks | SIDE_CLIENT]: Skipping file {[1250:crafttweaker]: oredict\remove.zs} as we are currently loading with a different loader
[PREINITIALIZATION][CLIENT][INFO] [gamestagebooks | SIDE_CLIENT]: Skipping file {[1000:crafttweaker]: misc_scripts\events.zs} as we are currently loading with a different loader
[PREINITIALIZATION][CLIENT][INFO] [gamestagebooks | SIDE_CLIENT]: Skipping file {[1000:crafttweaker]: misc_scripts\worldgen_indicators.zs} as we are currently loading with a different loader
[PREINITIALIZATION][CLIENT][INFO] [gamestagebooks | SIDE_CLIENT]: Skipping file {[1000:crafttweaker]: removals\remove.zs} as we are currently loading with a different loader
[PREINITIALIZATION][CLIENT][INFO] [gamestagebooks | SIDE_CLIENT]: Skipping file {[1000:crafttweaker]: removals\temporary_remove.zs} as we are currently loading with a different loader
[PREINITIALIZATION][CLIENT][INFO] [gamestagebooks | SIDE_CLIENT]: Skipping file {[100:crafttweaker]: misc_scripts\loottweaker.zs} as we are currently loading with a different loader
[PREINITIALIZATION][CLIENT][INFO] [gamestagebooks | SIDE_CLIENT]: Skipping file {[100:crafttweaker]: misc_scripts\smelting.zs} as we are currently loading with a different loader
[PREINITIALIZATION][CLIENT][INFO] [gamestagebooks | SIDE_CLIENT]: Skipping file {[100:crafttweaker]: mods\inspirations.zs} as we are currently loading with a different loader
[PREINITIALIZATION][CLIENT][INFO] [gamestagebooks | SIDE_CLIENT]: Skipping file {[100:crafttweaker]: mods\primal_tech.zs} as we are currently loading with a different loader
[PREINITIALIZATION][CLIENT][INFO] [gamestagebooks | SIDE_CLIENT]: Skipping file {[100:crafttweaker]: mods\tinkers_construct.zs} as we are currently loading with a different loader
[PREINITIALIZATION][CLIENT][INFO] [gamestagebooks | SIDE_CLIENT]: Skipping file {[100:crafttweaker]: stages\mob_stages.zs} as we are currently loading with a different loader
[PREINITIALIZATION][CLIENT][INFO] [gamestagebooks | SIDE_CLIENT]: Skipping file {[100:crafttweaker]: stages\ore_stages.zs} as we are currently loading with a different loader
[PREINITIALIZATION][CLIENT][INFO] [gamestagebooks | SIDE_CLIENT]: Skipping file {[100:crafttweaker]: stages\professions\architect.zs} as we are currently loading with a different loader
[PREINITIALIZATION][CLIENT][INFO] [gamestagebooks | SIDE_CLIENT]: Skipping file {[100:crafttweaker]: stages\professions\carpenter.zs} as we are currently loading with a different loader
[PREINITIALIZATION][CLIENT][INFO] [gamestagebooks | SIDE_CLIENT]: Skipping file {[100:crafttweaker]: stages\professions\crafter.zs} as we are currently loading with a different loader
[PREINITIALIZATION][CLIENT][INFO] [gamestagebooks | SIDE_CLIENT]: Skipping file {[100:crafttweaker]: stages\professions\miner.zs} as we are currently loading with a different loader
[PREINITIALIZATION][CLIENT][INFO] [gamestagebooks | SIDE_CLIENT]: Skipping file {[100:crafttweaker]: stages\research\adaptive_armor.zs} as we are currently loading with a different loader
[PREINITIALIZATION][CLIENT][INFO] [gamestagebooks | SIDE_CLIENT]: Skipping file {[100:crafttweaker]: stages\research\advanced_chisel.zs} as we are currently loading with a different loader
[PREINITIALIZATION][CLIENT][INFO] [gamestagebooks | SIDE_CLIENT]: Skipping file {[100:crafttweaker]: stages\research\advanced_sifting.zs} as we are currently loading with a different loader
[PREINITIALIZATION][CLIENT][INFO] [gamestagebooks | SIDE_CLIENT]: Skipping file {[100:crafttweaker]: stages\research\agriculture.zs} as we are currently loading with a different loader
[PREINITIALIZATION][CLIENT][INFO] [gamestagebooks | SIDE_CLIENT]: Skipping file {[100:crafttweaker]: stages\research\biome_compass.zs} as we are currently loading with a different loader
[PREINITIALIZATION][CLIENT][INFO] [gamestagebooks | SIDE_CLIENT]: Skipping file {[100:crafttweaker]: stages\research\botanical_masonry.zs} as we are currently loading with a different loader
[PREINITIALIZATION][CLIENT][INFO] [gamestagebooks | SIDE_CLIENT]: Skipping file {[100:crafttweaker]: stages\research\brewing.zs} as we are currently loading with a different loader
[PREINITIALIZATION][CLIENT][INFO] [gamestagebooks | SIDE_CLIENT]: Skipping file {[100:crafttweaker]: stages\research\chisel.zs} as we are currently loading with a different loader
[PREINITIALIZATION][CLIENT][INFO] [gamestagebooks | SIDE_CLIENT]: Skipping file {[100:crafttweaker]: stages\research\defender.zs} as we are currently loading with a different loader
[PREINITIALIZATION][CLIENT][INFO] [gamestagebooks | SIDE_CLIENT]: Skipping file {[100:crafttweaker]: stages\research\enchanting.zs} as we are currently loading with a different loader
[PREINITIALIZATION][CLIENT][INFO] [gamestagebooks | SIDE_CLIENT]: Skipping file {[100:crafttweaker]: stages\research\explosives.zs} as we are currently loading with a different loader
[PREINITIALIZATION][CLIENT][INFO] [gamestagebooks | SIDE_CLIENT]: Skipping file {[100:crafttweaker]: stages\research\fire.zs} as we are currently loading with a different loader
[PREINITIALIZATION][CLIENT][INFO] [gamestagebooks | SIDE_CLIENT]: Skipping file {[100:crafttweaker]: stages\research\glassblowing.zs} as we are currently loading with a different loader
[PREINITIALIZATION][CLIENT][INFO] [gamestagebooks | SIDE_CLIENT]: Skipping file {[100:crafttweaker]: stages\research\leadership.zs} as we are currently loading with a different loader
[PREINITIALIZATION][CLIENT][INFO] [gamestagebooks | SIDE_CLIENT]: Skipping file {[100:crafttweaker]: stages\research\locomotion.zs} as we are currently loading with a different loader
[PREINITIALIZATION][CLIENT][INFO] [gamestagebooks | SIDE_CLIENT]: Skipping file {[100:crafttweaker]: stages\research\maestro.zs} as we are currently loading with a different loader
[PREINITIALIZATION][CLIENT][INFO] [gamestagebooks | SIDE_CLIENT]: Skipping file {[100:crafttweaker]: stages\research\masonry.zs} as we are currently loading with a different loader
[PREINITIALIZATION][CLIENT][INFO] [gamestagebooks | SIDE_CLIENT]: Skipping file {[100:crafttweaker]: stages\research\ninja.zs} as we are currently loading with a different loader
[PREINITIALIZATION][CLIENT][INFO] [gamestagebooks | SIDE_CLIENT]: Skipping file {[100:crafttweaker]: stages\research\sifting.zs} as we are currently loading with a different loader
[PREINITIALIZATION][CLIENT][INFO] [gamestagebooks | SIDE_CLIENT]: Skipping file {[100:crafttweaker]: stages\research\tool_parts.zs} as we are currently loading with a different loader
[PREINITIALIZATION][CLIENT][INFO] [gamestagebooks | SIDE_CLIENT]: Skipping file {[100:crafttweaker]: stages\research\writing.zs} as we are currently loading with a different loader
[PREINITIALIZATION][CLIENT][INFO] [gamestagebooks | SIDE_CLIENT]: Skipping file {[100:crafttweaker]: stages\time_periods\bronze_age\items.zs} as we are currently loading with a different loader
[PREINITIALIZATION][CLIENT][INFO] [gamestagebooks | SIDE_CLIENT]: Skipping file {[100:crafttweaker]: stages\time_periods\bronze_age\mods.zs} as we are currently loading with a different loader
[PREINITIALIZATION][CLIENT][INFO] [gamestagebooks | SIDE_CLIENT]: Skipping file {[100:crafttweaker]: stages\time_periods\bronze_age\shaped.zs} as we are currently loading with a different loader
[PREINITIALIZATION][CLIENT][INFO] [gamestagebooks | SIDE_CLIENT]: Skipping file {[100:crafttweaker]: stages\time_periods\bronze_age\shaped_mirrored.zs} as we are currently loading with a different loader
[PREINITIALIZATION][CLIENT][INFO] [gamestagebooks | SIDE_CLIENT]: Skipping file {[100:crafttweaker]: stages\time_periods\bronze_age\shapeless.zs} as we are currently loading with a different loader
[PREINITIALIZATION][CLIENT][INFO] [gamestagebooks | SIDE_CLIENT]: Skipping file {[100:crafttweaker]: stages\time_periods\bronze_age\tconstruct.zs} as we are currently loading with a different loader
[PREINITIALIZATION][CLIENT][INFO] [gamestagebooks | SIDE_CLIENT]: Skipping file {[100:crafttweaker]: stages\time_periods\copper_age\items.zs} as we are currently loading with a different loader
[PREINITIALIZATION][CLIENT][INFO] [gamestagebooks | SIDE_CLIENT]: Skipping file {[100:crafttweaker]: stages\time_periods\copper_age\mods.zs} as we are currently loading with a different loader
[PREINITIALIZATION][CLIENT][INFO] [gamestagebooks | SIDE_CLIENT]: Skipping file {[100:crafttweaker]: stages\time_periods\copper_age\shaped.zs} as we are currently loading with a different loader
[PREINITIALIZATION][CLIENT][INFO] [gamestagebooks | SIDE_CLIENT]: Skipping file {[100:crafttweaker]: stages\time_periods\copper_age\shaped_mirrored.zs} as we are currently loading with a different loader
[PREINITIALIZATION][CLIENT][INFO] [gamestagebooks | SIDE_CLIENT]: Skipping file {[100:crafttweaker]: stages\time_periods\copper_age\shapeless.zs} as we are currently loading with a different loader
[PREINITIALIZATION][CLIENT][INFO] [gamestagebooks | SIDE_CLIENT]: Skipping file {[100:crafttweaker]: stages\time_periods\copper_age\tconstruct.zs} as we are currently loading with a different loader
[PREINITIALIZATION][CLIENT][INFO] [gamestagebooks | SIDE_CLIENT]: Skipping file {[100:crafttweaker]: stages\time_periods\dawn_of_time\conttenttweaker.zs} as we are currently loading with a different loader
[PREINITIALIZATION][CLIENT][INFO] [gamestagebooks | SIDE_CLIENT]: Skipping file {[100:crafttweaker]: stages\time_periods\dawn_of_time\tconstruct.zs} as we are currently loading with a different loader
[PREINITIALIZATION][CLIENT][INFO] [gamestagebooks | SIDE_CLIENT]: Skipping file {[100:crafttweaker]: stages\time_periods\industrial_age\items.zs} as we are currently loading with a different loader
[PREINITIALIZATION][CLIENT][INFO] [gamestagebooks | SIDE_CLIENT]: Skipping file {[100:crafttweaker]: stages\time_periods\industrial_age\mods.zs} as we are currently loading with a different loader
[PREINITIALIZATION][CLIENT][INFO] [gamestagebooks | SIDE_CLIENT]: Skipping file {[100:crafttweaker]: stages\time_periods\industrial_age\shaped.zs} as we are currently loading with a different loader
[PREINITIALIZATION][CLIENT][INFO] [gamestagebooks | SIDE_CLIENT]: Skipping file {[100:crafttweaker]: stages\time_periods\industrial_age\shaped_mirrored.zs} as we are currently loading with a different loader
[PREINITIALIZATION][CLIENT][INFO] [gamestagebooks | SIDE_CLIENT]: Skipping file {[100:crafttweaker]: stages\time_periods\industrial_age\shapeless.zs} as we are currently loading with a different loader
[PREINITIALIZATION][CLIENT][INFO] [gamestagebooks | SIDE_CLIENT]: Skipping file {[100:crafttweaker]: stages\time_periods\industrial_age\tconstruct.zs} as we are currently loading with a different loader
[PREINITIALIZATION][CLIENT][INFO] [gamestagebooks | SIDE_CLIENT]: Skipping file {[100:crafttweaker]: stages\time_periods\iron_age\items.zs} as we are currently loading with a different loader
[PREINITIALIZATION][CLIENT][INFO] [gamestagebooks | SIDE_CLIENT]: Skipping file {[100:crafttweaker]: stages\time_periods\iron_age\mods.zs} as we are currently loading with a different loader
[PREINITIALIZATION][CLIENT][INFO] [gamestagebooks | SIDE_CLIENT]: Skipping file {[100:crafttweaker]: stages\time_periods\iron_age\shaped.zs} as we are currently loading with a different loader
[PREINITIALIZATION][CLIENT][INFO] [gamestagebooks | SIDE_CLIENT]: Skipping file {[100:crafttweaker]: stages\time_periods\iron_age\shaped_mirrored.zs} as we are currently loading with a different loader
[PREINITIALIZATION][CLIENT][INFO] [gamestagebooks | SIDE_CLIENT]: Skipping file {[100:crafttweaker]: stages\time_periods\iron_age\shapeless.zs} as we are currently loading with a different loader
[PREINITIALIZATION][CLIENT][INFO] [gamestagebooks | SIDE_CLIENT]: Skipping file {[100:crafttweaker]: stages\time_periods\iron_age\tconstruct.zs} as we are currently loading with a different loader
[PREINITIALIZATION][CLIENT][INFO] [gamestagebooks | SIDE_CLIENT]: Skipping file {[100:crafttweaker]: stages\time_periods\middle_ages\items.zs} as we are currently loading with a different loader
[PREINITIALIZATION][CLIENT][INFO] [gamestagebooks | SIDE_CLIENT]: Skipping file {[100:crafttweaker]: stages\time_periods\middle_ages\mods.zs} as we are currently loading with a different loader
[PREINITIALIZATION][CLIENT][INFO] [gamestagebooks | SIDE_CLIENT]: Skipping file {[100:crafttweaker]: stages\time_periods\middle_ages\shaped.zs} as we are currently loading with a different loader
[PREINITIALIZATION][CLIENT][INFO] [gamestagebooks | SIDE_CLIENT]: Skipping file {[100:crafttweaker]: stages\time_periods\middle_ages\shaped_mirrored.zs} as we are currently loading with a different loader
[PREINITIALIZATION][CLIENT][INFO] [gamestagebooks | SIDE_CLIENT]: Skipping file {[100:crafttweaker]: stages\time_periods\middle_ages\shapeless.zs} as we are currently loading with a different loader
[PREINITIALIZATION][CLIENT][INFO] [gamestagebooks | SIDE_CLIENT]: Skipping file {[100:crafttweaker]: stages\time_periods\middle_ages\tconstruct.zs} as we are currently loading with a different loader
[PREINITIALIZATION][CLIENT][INFO] [gamestagebooks | SIDE_CLIENT]: Skipping file {[100:crafttweaker]: stages\time_periods\stone_age\aw_basic.zs} as we are currently loading with a different loader
[PREINITIALIZATION][CLIENT][INFO] [gamestagebooks | SIDE_CLIENT]: Skipping file {[100:crafttweaker]: stages\time_periods\stone_age\aw_carpenter.zs} as we are currently loading with a different loader
[PREINITIALIZATION][CLIENT][INFO] [gamestagebooks | SIDE_CLIENT]: Skipping file {[100:crafttweaker]: stages\time_periods\stone_age\aw_mason.zs} as we are currently loading with a different loader
[PREINITIALIZATION][CLIENT][INFO] [gamestagebooks | SIDE_CLIENT]: Skipping file {[100:crafttweaker]: stages\time_periods\stone_age\items.zs} as we are currently loading with a different loader
[PREINITIALIZATION][CLIENT][INFO] [gamestagebooks | SIDE_CLIENT]: Skipping file {[100:crafttweaker]: stages\time_periods\stone_age\mods.zs} as we are currently loading with a different loader
[PREINITIALIZATION][CLIENT][INFO] [gamestagebooks | SIDE_CLIENT]: Skipping file {[100:crafttweaker]: stages\time_periods\stone_age\shaped.zs} as we are currently loading with a different loader
[PREINITIALIZATION][CLIENT][INFO] [gamestagebooks | SIDE_CLIENT]: Skipping file {[100:crafttweaker]: stages\time_periods\stone_age\shaped_mirrored.zs} as we are currently loading with a different loader
[PREINITIALIZATION][CLIENT][INFO] [gamestagebooks | SIDE_CLIENT]: Skipping file {[100:crafttweaker]: stages\time_periods\stone_age\shapeless.zs} as we are currently loading with a different loader
[PREINITIALIZATION][CLIENT][INFO] [gamestagebooks | SIDE_CLIENT]: Skipping file {[100:crafttweaker]: stages\time_periods\stone_age\tconstruct.zs} as we are currently loading with a different loader
[PREINITIALIZATION][CLIENT][INFO] [gamestagebooks | SIDE_CLIENT]: Skipping file {[100:crafttweaker]: unification\base.zs} as we are currently loading with a different loader
[PREINITIALIZATION][CLIENT][INFO] [gamestagebooks | SIDE_CLIENT]: Skipping file {[10:crafttweaker]: misc_scripts\treetweaker.zs} as we are currently loading with a different loader
[PREINITIALIZATION][CLIENT][INFO] [gamestagebooks | SIDE_CLIENT]: Skipping file {[1:crafttweaker]: removals\remove_special.zs} as we are currently loading with a different loader
[PREINITIALIZATION][CLIENT][INFO] [gamestagebooks | SIDE_CLIENT]: Skipping file {[1:crafttweaker]: stages\disabled.zs} as we are currently loading with a different loader
[PREINITIALIZATION][CLIENT][INFO] [gamestagebooks | SIDE_CLIENT]: Skipping file {[0:contenttweaker]: contenttweaker\blocks.zs} as we are currently loading with a different loader
[PREINITIALIZATION][CLIENT][INFO] [gamestagebooks | SIDE_CLIENT]: Skipping file {[0:crafttweaker]: debug.zs} as we are currently loading with a different loader
[PREINITIALIZATION][CLIENT][INFO] [gamestagebooks | SIDE_CLIENT]: Skipping file {[0:crafttweaker]: item_modifiers\jei_description.zs} as we are currently loading with a different loader
[PREINITIALIZATION][CLIENT][INFO] [gamestagebooks | SIDE_CLIENT]: Skipping file {[0:crafttweaker]: item_modifiers\name.zs} as we are currently loading with a different loader
[PREINITIALIZATION][CLIENT][INFO] [gamestagebooks | SIDE_CLIENT]: Skipping file {[0:crafttweaker]: item_modifiers\tooltip.zs} as we are currently loading with a different loader
[PREINITIALIZATION][CLIENT][INFO] [gamestagebooks | SIDE_CLIENT]: Skipping file {[0:crafttweaker]: misc_scripts\hitwithaxe.zs} as we are currently loading with a different loader
[PREINITIALIZATION][CLIENT][INFO] [gamestagebooks | SIDE_CLIENT]: Skipping file {[0:crafttweaker]: misc_scripts\seed_drops.zs} as we are currently loading with a different loader
[PREINITIALIZATION][CLIENT][INFO] [gamestagebooks | SIDE_CLIENT]: Skipping file {[0:crafttweaker]: recipes.zs} as we are currently loading with a different loader
[PREINITIALIZATION][CLIENT][INFO] [gamestagebooks | SIDE_CLIENT]: Skipping file {[0:crafttweaker]: removals\remove_and_hide.zs} as we are currently loading with a different loader
[PREINITIALIZATION][CLIENT][INFO] [gamestagebooks | SIDE_CLIENT]: Skipping file {[0:crafttweaker]: stages\containers.zs} as we are currently loading with a different loader
[PREINITIALIZATION][CLIENT][INFO] [gamestagebooks | SIDE_CLIENT]: Loading Script: {[0:gamestagebooks]: stages\gamestage_books.zs}
[PREINITIALIZATION][CLIENT][INFO] Adding a gamestagebook for stage: novice_tinkerer
[PREINITIALIZATION][CLIENT][INFO] Adding a gamestagebook for stage: apprentice_tinkerer
[PREINITIALIZATION][CLIENT][INFO] Adding a gamestagebook for stage: skilled_tinkerer
[PREINITIALIZATION][CLIENT][INFO] Adding a gamestagebook for stage: expert_tinkerer
[PREINITIALIZATION][CLIENT][INFO] Adding a gamestagebook for stage: master_tinkerer
[PREINITIALIZATION][CLIENT][INFO] Adding a gamestagebook for stage: novice_miner
[PREINITIALIZATION][CLIENT][INFO] Adding a gamestagebook for stage: apprentice_miner
[PREINITIALIZATION][CLIENT][INFO] Adding a gamestagebook for stage: skilled_miner
[PREINITIALIZATION][CLIENT][INFO] Adding a gamestagebook for stage: expert_miner
[PREINITIALIZATION][CLIENT][INFO] Adding a gamestagebook for stage: master_miner
[PREINITIALIZATION][CLIENT][INFO] Adding a gamestagebook for stage: novice_carpenter
[PREINITIALIZATION][CLIENT][INFO] Adding a gamestagebook for stage: skilled_carpenter
[PREINITIALIZATION][CLIENT][INFO] Adding a gamestagebook for stage: master_carpenter
[PREINITIALIZATION][CLIENT][INFO] Adding a gamestagebook for stage: novice_architect
[PREINITIALIZATION][CLIENT][INFO] Adding a gamestagebook for stage: skilled_architect
[PREINITIALIZATION][CLIENT][INFO] Adding a gamestagebook for stage: master_architect
[PREINITIALIZATION][CLIENT][INFO] Adding a gamestagebook for stage: writing
[PREINITIALIZATION][CLIENT][INFO] Adding a gamestagebook for stage: agriculture
[PREINITIALIZATION][CLIENT][INFO] Adding a gamestagebook for stage: metallurgy
[PREINITIALIZATION][CLIENT][INFO] [gamestagebooks | SIDE_CLIENT]: Skipping file {[0:crafttweaker]: stages\research\cartography.zs} as we are currently loading with a different loader
[PREINITIALIZATION][CLIENT][INFO] [gamestagebooks | SIDE_CLIENT]: Skipping file {[0:crafttweaker]: stages\research\excavation.zs} as we are currently loading with a different loader
[PREINITIALIZATION][CLIENT][INFO] Completed script loading in: 10ms
